<?xml version="1.0" encoding="UTF-8"?>
<robot generator="Robot 3.2 (Python 3.8.2 on win32)" generated="20200508 16:27:26.439" rpa="false">
<suite id="s1" name="TestSuite1" source="C:\Users\Oleg\eclipse-workspace\RobotProject1\test\TestSuite1.robot">
<kw name="Log" library="BuiltIn" type="setup">
<doc>Logs the given message with the given level.</doc>
<arguments>
<arg>I am inside Suite Setup</arg>
</arguments>
<msg timestamp="20200508 16:27:27.275" level="INFO">I am inside Suite Setup</msg>
<status status="PASS" starttime="20200508 16:27:27.275" endtime="20200508 16:27:27.275"></status>
</kw>
<test id="s1-t1" name="MyFirstTest">
<kw name="Log" library="BuiltIn" type="setup">
<doc>Logs the given message with the given level.</doc>
<arguments>
<arg>I am inside Test Setup</arg>
</arguments>
<msg timestamp="20200508 16:27:27.277" level="INFO">I am inside Test Setup</msg>
<status status="PASS" starttime="20200508 16:27:27.277" endtime="20200508 16:27:27.277"></status>
</kw>
<kw name="Log" library="BuiltIn">
<doc>Logs the given message with the given level.</doc>
<arguments>
<arg>Hello World...</arg>
</arguments>
<msg timestamp="20200508 16:27:27.278" level="INFO">Hello World...</msg>
<status status="PASS" starttime="20200508 16:27:27.278" endtime="20200508 16:27:27.279"></status>
</kw>
<kw name="Log" library="BuiltIn" type="teardown">
<doc>Logs the given message with the given level.</doc>
<arguments>
<arg>I am inside Test Teardown</arg>
</arguments>
<msg timestamp="20200508 16:27:27.280" level="INFO">I am inside Test Teardown</msg>
<status status="PASS" starttime="20200508 16:27:27.279" endtime="20200508 16:27:27.280"></status>
</kw>
<tags>
<tag>smoke</tag>
</tags>
<status status="PASS" starttime="20200508 16:27:27.276" endtime="20200508 16:27:27.280" critical="yes"></status>
</test>
<test id="s1-t2" name="MySecondTest">
<kw name="Log" library="BuiltIn" type="setup">
<doc>Logs the given message with the given level.</doc>
<arguments>
<arg>I am inside Test Setup</arg>
</arguments>
<msg timestamp="20200508 16:27:27.286" level="INFO">I am inside Test Setup</msg>
<status status="PASS" starttime="20200508 16:27:27.285" endtime="20200508 16:27:27.286"></status>
</kw>
<kw name="Log" library="BuiltIn">
<doc>Logs the given message with the given level.</doc>
<arguments>
<arg>I am inside second test...</arg>
</arguments>
<msg timestamp="20200508 16:27:27.287" level="INFO">I am inside second test...</msg>
<status status="PASS" starttime="20200508 16:27:27.287" endtime="20200508 16:27:27.287"></status>
</kw>
<kw name="Set Tags" library="BuiltIn">
<doc>Adds given ``tags`` for the current test or all tests in a suite.</doc>
<arguments>
<arg>regression1</arg>
</arguments>
<msg timestamp="20200508 16:27:27.288" level="INFO">Set tag 'regression1'.</msg>
<status status="PASS" starttime="20200508 16:27:27.288" endtime="20200508 16:27:27.288"></status>
</kw>
<kw name="Remove Tags" library="BuiltIn">
<doc>Removes given ``tags`` from the current test or all tests in a suite.</doc>
<arguments>
<arg>regression1</arg>
</arguments>
<msg timestamp="20200508 16:27:27.290" level="INFO">Removed tag 'regression1'.</msg>
<status status="PASS" starttime="20200508 16:27:27.289" endtime="20200508 16:27:27.290"></status>
</kw>
<kw name="Log" library="BuiltIn" type="teardown">
<doc>Logs the given message with the given level.</doc>
<arguments>
<arg>I am inside Test Teardown</arg>
</arguments>
<msg timestamp="20200508 16:27:27.291" level="INFO">I am inside Test Teardown</msg>
<status status="PASS" starttime="20200508 16:27:27.291" endtime="20200508 16:27:27.291"></status>
</kw>
<tags>
<tag>example</tag>
</tags>
<status status="PASS" starttime="20200508 16:27:27.283" endtime="20200508 16:27:27.292" critical="yes"></status>
</test>
<test id="s1-t3" name="MyThirdTest">
<kw name="Log" library="BuiltIn" type="setup">
<doc>Logs the given message with the given level.</doc>
<arguments>
<arg>I am inside Test Setup</arg>
</arguments>
<msg timestamp="20200508 16:27:27.296" level="INFO">I am inside Test Setup</msg>
<status status="PASS" starttime="20200508 16:27:27.296" endtime="20200508 16:27:27.296"></status>
</kw>
<kw name="Log" library="BuiltIn">
<doc>Logs the given message with the given level.</doc>
<arguments>
<arg>I am inside third test...</arg>
</arguments>
<msg timestamp="20200508 16:27:27.297" level="INFO">I am inside third test...</msg>
<status status="PASS" starttime="20200508 16:27:27.297" endtime="20200508 16:27:27.297"></status>
</kw>
<kw name="Log" library="BuiltIn" type="teardown">
<doc>Logs the given message with the given level.</doc>
<arguments>
<arg>I am inside Test Teardown</arg>
</arguments>
<msg timestamp="20200508 16:27:27.298" level="INFO">I am inside Test Teardown</msg>
<status status="PASS" starttime="20200508 16:27:27.298" endtime="20200508 16:27:27.298"></status>
</kw>
<tags>
<tag>sanity</tag>
</tags>
<status status="PASS" starttime="20200508 16:27:27.295" endtime="20200508 16:27:27.299" critical="yes"></status>
</test>
<kw name="Log" library="BuiltIn" type="teardown">
<doc>Logs the given message with the given level.</doc>
<arguments>
<arg>I am inside Suite Teardown</arg>
</arguments>
<msg timestamp="20200508 16:27:27.303" level="INFO">I am inside Suite Teardown</msg>
<status status="PASS" starttime="20200508 16:27:27.302" endtime="20200508 16:27:27.303"></status>
</kw>
<status status="PASS" starttime="20200508 16:27:26.454" endtime="20200508 16:27:27.303"></status>
</suite>
<statistics>
<total>
<stat pass="3" fail="0">Critical Tests</stat>
<stat pass="3" fail="0">All Tests</stat>
</total>
<tag>
<stat pass="1" fail="0">example</stat>
<stat pass="1" fail="0">sanity</stat>
<stat pass="1" fail="0">smoke</stat>
</tag>
<suite>
<stat pass="3" fail="0" id="s1" name="TestSuite1">TestSuite1</stat>
</suite>
</statistics>
<errors>
</errors>
</robot>
